Running Gradle task 'bundleRelease'...                          
lib/pages/admin_review_page.dart:1345:13: Error: No named parameter with the name 'leading'.
            leading: IconButton(
            ^^^^^^^
lib/widgets/ui/glass_ui.dart:195:9: Context: Found this candidate, but the arguments don't match.
  const GlassHeader({
        ^^^^^^^^^^^
Target kernel_snapshot_program failed: Exception


FAILURE: Build failed with an exception.

* What went wrong:
Execution failed for task ':app:compileFlutterBuildRelease'.
> Process 'command '/opt/homebrew/Caskroom/flutter/3.32.5/flutter/bin/flutter'' finished with non-zero exit value 1

* Try:
> Run with --stacktrace option to get the stack trace.
> Run with --info or --debug option to get more log output.
> Run with --scan to get full insights.
> Get more help at https://help.gradle.org.

BUILD FAILED in 7s
Running Gradle task 'bundleRelease'...                              7.1s
Gradle task bundleRelease failed with exit code 1
